<?xml version="1.0" encoding="UTF-8"?>
<coverage generated="1747965660357" clover="3.2.0">
  <project timestamp="1747965660357" name="All files">
    <metrics statements="21" coveredstatements="18" conditionals="7" coveredconditionals="7" methods="7" coveredmethods="4" elements="35" coveredelements="29" complexity="0" loc="21" ncloc="21" packages="1" files="1" classes="1"/>
    <file name="MapComponent.tsx" path="/home/patric/Downloads/projeto-rota/src/components/MapComponent.tsx">
      <metrics statements="21" coveredstatements="18" conditionals="7" coveredconditionals="7" methods="7" coveredmethods="4"/>
      <line num="1" count="1" type="stmt"/>
      <line num="2" count="1" type="stmt"/>
      <line num="4" count="1" type="stmt"/>
      <line num="19" count="1" type="stmt"/>
      <line num="20" count="5" type="stmt"/>
      <line num="26" count="5" type="stmt"/>
      <line num="27" count="5" type="stmt"/>
      <line num="29" count="5" type="stmt"/>
      <line num="30" count="0" type="stmt"/>
      <line num="33" count="5" type="stmt"/>
      <line num="34" count="0" type="stmt"/>
      <line num="37" count="5" type="stmt"/>
      <line num="38" count="1" type="stmt"/>
      <line num="41" count="5" type="stmt"/>
      <line num="42" count="0" type="stmt"/>
      <line num="45" count="5" type="cond" truecount="1" falsecount="0"/>
      <line num="46" count="4" type="cond" truecount="1" falsecount="0"/>
      <line num="48" count="3" type="stmt"/>
      <line num="63" count="3" type="stmt"/>
      <line num="66" count="1" type="stmt"/>
      <line num="84" count="1" type="stmt"/>
    </file>
  </project>
</coverage>
