{"/home/patric/Downloads/projeto-rota/src/components/MapComponent.tsx": {"path":"/home/patric/Downloads/projeto-rota/src/components/MapComponent.tsx","statementMap":{"0":{"start":{"line":1,"column":0},"end":{"line":1,"column":53}},"1":{"start":{"line":2,"column":0},"end":{"line":2,"column":89}},"2":{"start":{"line":4,"column":75},"end":{"line":4,"column":97}},"3":{"start":{"line":19,"column":50},"end":{"line":82,"column":1}},"4":{"start":{"line":20,"column":34},"end":{"line":24,"column":4}},"5":{"start":{"line":26,"column":24},"end":{"line":26,"column":62}},"6":{"start":{"line":27,"column":42},"end":{"line":27,"column":74}},"7":{"start":{"line":29,"column":17},"end":{"line":31,"column":8}},"8":{"start":{"line":30,"column":4},"end":{"line":30,"column":24}},"9":{"start":{"line":33,"column":20},"end":{"line":35,"column":8}},"10":{"start":{"line":34,"column":4},"end":{"line":34,"column":17}},"11":{"start":{"line":37,"column":28},"end":{"line":39,"column":8}},"12":{"start":{"line":38,"column":4},"end":{"line":38,"column":28}},"13":{"start":{"line":41,"column":32},"end":{"line":43,"column":8}},"14":{"start":{"line":42,"column":4},"end":{"line":42,"column":26}},"15":{"start":{"line":45,"column":2},"end":{"line":45,"column":99}},"16":{"start":{"line":45,"column":17},"end":{"line":45,"column":99}},"17":{"start":{"line":46,"column":2},"end":{"line":46,"column":54}},"18":{"start":{"line":46,"column":17},"end":{"line":46,"column":54}},"19":{"start":{"line":48,"column":2},"end":{"line":81,"column":4}},"20":{"start":{"line":63,"column":8},"end":{"line":64,"column":null}},"21":{"start":{"line":66,"column":25},"end":{"line":66,"column":50}},"22":{"start":{"line":84,"column":0},"end":{"line":84,"column":40}}},"fnMap":{"0":{"name":"(anonymous_9)","decl":{"start":{"line":19,"column":50},"end":{"line":19,"column":51}},"loc":{"start":{"line":19,"column":88},"end":{"line":82,"column":1}}},"1":{"name":"callback","decl":{"start":{"line":29,"column":38},"end":{"line":29,"column":46}},"loc":{"start":{"line":29,"column":75},"end":{"line":31,"column":3}}},"2":{"name":"callback","decl":{"start":{"line":33,"column":41},"end":{"line":33,"column":49}},"loc":{"start":{"line":33,"column":78},"end":{"line":35,"column":3}}},"3":{"name":"(anonymous_12)","decl":{"start":{"line":37,"column":40},"end":{"line":37,"column":41}},"loc":{"start":{"line":37,"column":62},"end":{"line":39,"column":3}}},"4":{"name":"(anonymous_13)","decl":{"start":{"line":41,"column":44},"end":{"line":41,"column":47}},"loc":{"start":{"line":41,"column":49},"end":{"line":43,"column":3}}},"5":{"name":"(anonymous_14)","decl":{"start":{"line":62,"column":30},"end":{"line":62,"column":36}},"loc":{"start":{"line":63,"column":8},"end":{"line":64,"column":null}}},"6":{"name":"(anonymous_15)","decl":{"start":{"line":66,"column":19},"end":{"line":66,"column":22}},"loc":{"start":{"line":66,"column":25},"end":{"line":66,"column":50}}}},"branchMap":{"0":{"loc":{"start":{"line":45,"column":2},"end":{"line":45,"column":99}},"type":"if","locations":[{"start":{"line":45,"column":2},"end":{"line":45,"column":99}}]},"1":{"loc":{"start":{"line":46,"column":2},"end":{"line":46,"column":54}},"type":"if","locations":[{"start":{"line":46,"column":2},"end":{"line":46,"column":54}}]},"2":{"loc":{"start":{"line":62,"column":7},"end":{"line":68,"column":8}},"type":"binary-expr","locations":[{"start":{"line":62,"column":7},"end":{"line":62,"column":14}},{"start":{"line":62,"column":18},"end":{"line":68,"column":8}}]},"3":{"loc":{"start":{"line":70,"column":7},"end":{"line":78,"column":null}},"type":"binary-expr","locations":[{"start":{"line":70,"column":7},"end":{"line":70,"column":19}},{"start":{"line":70,"column":23},"end":{"line":70,"column":47}},{"start":{"line":71,"column":8},"end":{"line":77,"column":null}}]}},"s":{"0":1,"1":1,"2":1,"3":1,"4":5,"5":5,"6":5,"7":5,"8":0,"9":5,"10":0,"11":5,"12":1,"13":5,"14":0,"15":5,"16":1,"17":4,"18":1,"19":3,"20":3,"21":1,"22":1},"f":{"0":5,"1":0,"2":0,"3":1,"4":0,"5":3,"6":1},"b":{"0":[1],"1":[1],"2":[3,3],"3":[3,1,1]}}
}
