TN:
SF:src/components/MapComponent.tsx
FN:19,(anonymous_9)
FN:29,callback
FN:33,callback
FN:37,(anonymous_12)
FN:41,(anonymous_13)
FN:62,(anonymous_14)
FN:66,(anonymous_15)
FNF:7
FNH:4
FNDA:5,(anonymous_9)
FNDA:0,callback
FNDA:0,callback
FNDA:1,(anonymous_12)
FNDA:0,(anonymous_13)
FNDA:3,(anonymous_14)
FNDA:1,(anonymous_15)
DA:1,1
DA:2,1
DA:4,1
DA:19,1
DA:20,5
DA:26,5
DA:27,5
DA:29,5
DA:30,0
DA:33,5
DA:34,0
DA:37,5
DA:38,1
DA:41,5
DA:42,0
DA:45,5
DA:46,4
DA:48,3
DA:63,3
DA:66,1
DA:84,1
LF:21
LH:18
BRDA:45,0,0,1
BRDA:46,1,0,1
BRDA:62,2,0,3
BRDA:62,2,1,3
BRDA:70,3,0,3
BRDA:70,3,1,1
BRDA:70,3,2,1
BRF:7
BRH:7
end_of_record
